<?xml version="1.0" encoding="UTF-8"?>
<testsuite name="PurseTest" tests="1" skipped="0" failures="0" errors="0" timestamp="2024-10-16T15:49:18" hostname="MacBook-Pro-di-Roberto.local" time="0.012">
  <properties/>
  <testcase name="countTest" classname="PurseTest" time="0.012"/>
  <system-out><![CDATA[]]></system-out>
  <system-err><![CDATA[]]></system-err>
</testsuite>
