<?xml version="1.0" encoding="UTF-8"?>
<testsuite name="TicTacToeTest" tests="5" skipped="0" failures="0" errors="0" timestamp="2024-10-16T15:50:51" hostname="MacBook-Pro-di-Roberto.local" time="0.007">
  <properties/>
  <testcase name="AndreaTest" classname="TicTacToeTest" time="0.004"/>
  <testcase name="horizontalWinTest" classname="TicTacToeTest" time="0.0"/>
  <testcase name="secondDiagonalWinTest" classname="TicTacToeTest" time="0.0"/>
  <testcase name="firstDiagonalWinTest" classname="TicTacToeTest" time="0.001"/>
  <testcase name="verticalWinTest" classname="TicTacToeTest" time="0.0"/>
  <system-out><![CDATA[]]></system-out>
  <system-err><![CDATA[]]></system-err>
</testsuite>
