<?xml version="1.0" encoding="UTF-8"?>
<testsuite name="it.unisa.carseller.CarSellerTest" tests="5" skipped="0" failures="0" errors="0" timestamp="2024-11-27T08:57:37" hostname="LEGION" time="0.033">
  <properties/>
  <testcase name="returnCarByBrandAModelYearAndPriceTest" classname="it.unisa.carseller.CarSellerTest" time="0.014"/>
  <testcase name="writeUserDataToFileTest" classname="it.unisa.carseller.CarSellerTest" time="0.006"/>
  <testcase name="returnCarByBrandAndModelTest" classname="it.unisa.carseller.CarSellerTest" time="0.001"/>
  <testcase name="writeSerializedDataToFileTest" classname="it.unisa.carseller.CarSellerTest" time="0.006"/>
  <testcase name="returnCarByBrandModelAndYearTest" classname="it.unisa.carseller.CarSellerTest" time="0.002"/>
  <system-out><![CDATA[]]></system-out>
  <system-err><![CDATA[]]></system-err>
</testsuite>
