<?xml version="1.0" encoding="UTF-8"?>
<testsuite name="it.unisa.supermarket.ProductTest" tests="2" skipped="0" failures="0" errors="0" timestamp="2024-11-20T16:55:06" hostname="LEGION" time="0.0">
  <properties/>
  <testcase name="putOnSale" classname="it.unisa.supermarket.ProductTest" time="0.0"/>
  <testcase name="checkOnSale" classname="it.unisa.supermarket.ProductTest" time="0.0"/>
  <system-out><![CDATA[]]></system-out>
  <system-err><![CDATA[]]></system-err>
</testsuite>
