<?xml version="1.0" encoding="UTF-8"?>
<testsuite name="InfectedTest" tests="2" skipped="0" failures="0" errors="0" timestamp="2024-10-09T08:46:48" hostname="LEGION" time="0.005">
  <properties/>
  <testcase name="testRt" classname="InfectedTest" time="0.004"/>
  <testcase name="testCreate" classname="InfectedTest" time="0.0"/>
  <system-out><![CDATA[]]></system-out>
  <system-err><![CDATA[]]></system-err>
</testsuite>
