<?xml version="1.0" encoding="UTF-8"?>
<testsuite name="it.unisa.school.StudentTest" tests="1" skipped="0" failures="0" errors="0" timestamp="2024-11-13T08:27:45" hostname="LEGION" time="0.006">
  <properties/>
  <testcase name="toStringTest" classname="it.unisa.school.StudentTest" time="0.006"/>
  <system-out><![CDATA[]]></system-out>
  <system-err><![CDATA[]]></system-err>
</testsuite>
