<?xml version="1.0" encoding="UTF-8"?>
<testsuite name="CarTest" tests="2" skipped="0" failures="0" errors="0" timestamp="2024-10-09T08:53:55" hostname="LEGION" time="0.005">
  <properties/>
  <testcase name="testCar" classname="CarTest" time="0.005"/>
  <testcase name="drivingTest" classname="CarTest" time="0.0"/>
  <system-out><![CDATA[]]></system-out>
  <system-err><![CDATA[]]></system-err>
</testsuite>
