<?xml version="1.0" encoding="UTF-8"?>
<testsuite name="it.unisa.school.PersonTest" tests="4" skipped="0" failures="0" errors="0" timestamp="2024-11-22T17:14:01" hostname="LEGION" time="0.037">
  <properties/>
  <testcase name="checkUserAndPassword" classname="it.unisa.school.PersonTest" time="0.012"/>
  <testcase name="checkName" classname="it.unisa.school.PersonTest" time="0.008"/>
  <testcase name="toStringTest" classname="it.unisa.school.PersonTest" time="0.011"/>
  <testcase name="checkBirthYear" classname="it.unisa.school.PersonTest" time="0.004"/>
  <system-out><![CDATA[]]></system-out>
  <system-err><![CDATA[]]></system-err>
</testsuite>
