<?xml version="1.0" encoding="UTF-8"?>
<testsuite name="it.unisa.school.ProfessorTest" tests="1" skipped="0" failures="0" errors="0" timestamp="2024-11-22T17:14:01" hostname="LEGION" time="0.007">
  <properties/>
  <testcase name="testToString" classname="it.unisa.school.ProfessorTest" time="0.007"/>
  <system-out><![CDATA[]]></system-out>
  <system-err><![CDATA[]]></system-err>
</testsuite>
