<?xml version="1.0" encoding="UTF-8"?>
<testsuite name="VendingMachineTest" tests="3" skipped="0" failures="0" errors="0" timestamp="2024-10-09T08:16:30" hostname="LEGION" time="0.006">
  <properties/>
  <testcase name="addingAndRemoving" classname="VendingMachineTest" time="0.005"/>
  <testcase name="weArePoor" classname="VendingMachineTest" time="0.0"/>
  <testcase name="initialization" classname="VendingMachineTest" time="0.0"/>
  <system-out><![CDATA[]]></system-out>
  <system-err><![CDATA[]]></system-err>
</testsuite>
