<?xml version="1.0" encoding="UTF-8"?>
<testsuite name="InputCheckerTest" tests="1" skipped="0" failures="0" errors="0" timestamp="2024-10-09T09:53:17" hostname="LEGION" time="0.006">
  <properties/>
  <testcase name="testInputChecker" classname="InputCheckerTest" time="0.006"/>
  <system-out><![CDATA[]]></system-out>
  <system-err><![CDATA[]]></system-err>
</testsuite>
