<?xml version="1.0" encoding="UTF-8"?>
<testsuite name="it.unisa.bookshop.BookshopTest" tests="5" skipped="0" failures="0" errors="0" timestamp="2024-11-13T09:38:32" hostname="LEGION" time="0.026">
  <properties/>
  <testcase name="findByTitleContentTest" classname="it.unisa.bookshop.BookshopTest" time="0.017"/>
  <testcase name="readLibraryTest" classname="it.unisa.bookshop.BookshopTest" time="0.002"/>
  <testcase name="findBelowAvailabilityTest" classname="it.unisa.bookshop.BookshopTest" time="0.002"/>
  <testcase name="findMaxAvailabilityTest" classname="it.unisa.bookshop.BookshopTest" time="0.002"/>
  <testcase name="findByAuthorTest" classname="it.unisa.bookshop.BookshopTest" time="0.001"/>
  <system-out><![CDATA[]]></system-out>
  <system-err><![CDATA[]]></system-err>
</testsuite>
