<?xml version="1.0" encoding="UTF-8"?>
<testsuite name="it.unisa.company.ManagerTest" tests="3" skipped="0" failures="0" errors="0" timestamp="2024-11-13T08:56:50" hostname="LEGION" time="0.003">
  <properties/>
  <testcase name="setHourlyWageTest" classname="it.unisa.company.ManagerTest" time="0.002"/>
  <testcase name="setWorkedHoursTest" classname="it.unisa.company.ManagerTest" time="0.0"/>
  <testcase name="employerInitialWageTest" classname="it.unisa.company.ManagerTest" time="0.0"/>
  <system-out><![CDATA[]]></system-out>
  <system-err><![CDATA[]]></system-err>
</testsuite>
