<?xml version="1.0" encoding="UTF-8"?>
<testsuite name="it.unisa.phonecompany.PhoneCompanyTest" tests="3" skipped="0" failures="0" errors="0" timestamp="2024-11-27T09:39:44" hostname="LEGION" time="0.027">
  <properties/>
  <testcase name="testSolution" classname="it.unisa.phonecompany.PhoneCompanyTest" time="0.015"/>
  <testcase name="writeUserDataToFileTest" classname="it.unisa.phonecompany.PhoneCompanyTest" time="0.004"/>
  <testcase name="writeSerializedDataToFileTest" classname="it.unisa.phonecompany.PhoneCompanyTest" time="0.007"/>
  <system-out><![CDATA[]]></system-out>
  <system-err><![CDATA[]]></system-err>
</testsuite>
