<?xml version="1.0" encoding="UTF-8"?>
<testsuite name="it.unisa.medicaltests.MedicalTestListTest" tests="4" skipped="0" failures="0" errors="0" timestamp="2024-11-13T09:54:24" hostname="LEGION" time="0.01">
  <properties/>
  <testcase name="addMedicalTest" classname="it.unisa.medicaltests.MedicalTestListTest" time="0.006"/>
  <testcase name="getMedicalTestByDoctor" classname="it.unisa.medicaltests.MedicalTestListTest" time="0.001"/>
  <testcase name="getMedicalTestByDate" classname="it.unisa.medicaltests.MedicalTestListTest" time="0.001"/>
  <testcase name="getAverageCost" classname="it.unisa.medicaltests.MedicalTestListTest" time="0.001"/>
  <system-out><![CDATA[]]></system-out>
  <system-err><![CDATA[]]></system-err>
</testsuite>
